{'C': 0.0001, 'tol': 0.001, 'loss': 'hinge'}
(array([0.72092186, 0.63      , 0.70454545, 0.4917267 , 0.        ]), array([0.37336815, 0.07403055, 0.04397163, 0.92151335, 0.        ]), array([0.49195233, 0.13249211, 0.08277704, 0.64126787, 0.        ]), array([5362,  851, 2115, 6740,  572], dtype=int64))
acc = 0.5351023017902813

{'C': 0.0001, 'tol': 0.0001, 'loss': 'hinge'}
(array([0.72214182, 0.61764706, 0.7109375 , 0.49153883, 0.        ]), array([0.37224916, 0.07403055, 0.043026  , 0.92225519, 0.        ]), array([0.49126261, 0.13221406, 0.08114133, 0.64128753, 0.        ]), array([5362,  851, 2115, 6740,  572], dtype=int64))
acc = 0.5349104859335039

{'C': 0.0001, 'tol': 1e-05, 'loss': 'hinge'}
(array([0.72234273, 0.62376238, 0.7109375 , 0.4915777 , 0.        ]), array([0.37262216, 0.07403055, 0.043026  , 0.92225519, 0.        ]), array([0.49163386, 0.13235294, 0.08114133, 0.64132061, 0.        ]), array([5362,  851, 2115, 6740,  572], dtype=int64))
acc = 0.5350383631713554

{'C': 0.0001, 'tol': 1e-06, 'loss': 'hinge'}
(array([0.72234273, 0.62376238, 0.7109375 , 0.4915777 , 0.        ]), array([0.37262216, 0.07403055, 0.043026  , 0.92225519, 0.        ]), array([0.49163386, 0.13235294, 0.08114133, 0.64132061, 0.        ]), array([5362,  851, 2115, 6740,  572], dtype=int64))
acc = 0.5350383631713554

{'C': 0.0001, 'tol': 0.001, 'loss': 'squared_hinge'}
(array([1.        , 0.        , 0.        , 0.43111168, 0.        ]), array([0.00111899, 0.        , 0.        , 1.        , 0.        ]), array([0.00223547, 0.        , 0.        , 0.60248503, 0.        ]), array([5362,  851, 2115, 6740,  572], dtype=int64))
acc = 0.43132992327365727

{'C': 0.0001, 'tol': 0.0001, 'loss': 'squared_hinge'}
(array([1.        , 0.        , 0.        , 0.43111168, 0.        ]), array([0.00111899, 0.        , 0.        , 1.        , 0.        ]), array([0.00223547, 0.        , 0.        , 0.60248503, 0.        ]), array([5362,  851, 2115, 6740,  572], dtype=int64))
acc = 0.43132992327365727

{'C': 0.0001, 'tol': 1e-05, 'loss': 'squared_hinge'}
(array([1.        , 0.        , 0.        , 0.43111168, 0.        ]), array([0.00111899, 0.        , 0.        , 1.        , 0.        ]), array([0.00223547, 0.        , 0.        , 0.60248503, 0.        ]), array([5362,  851, 2115, 6740,  572], dtype=int64))
acc = 0.43132992327365727

{'C': 0.0001, 'tol': 1e-06, 'loss': 'squared_hinge'}
(array([1.        , 0.        , 0.        , 0.43111168, 0.        ]), array([0.00111899, 0.        , 0.        , 1.        , 0.        ]), array([0.00223547, 0.        , 0.        , 0.60248503, 0.        ]), array([5362,  851, 2115, 6740,  572], dtype=int64))
acc = 0.43132992327365727

{'C': 0.001, 'tol': 0.001, 'loss': 'hinge'}
(array([0.65771812, 0.69461078, 0.68181818, 0.55123606, 0.83471074]), array([0.56657963, 0.13631022, 0.13475177, 0.84362018, 0.17657343]), array([0.60875664, 0.22789784, 0.22502961, 0.66678393, 0.29148629]), array([5362,  851, 2115, 6740,  572], dtype=int64))
acc = 0.5898976982097187

{'C': 0.001, 'tol': 0.0001, 'loss': 'hinge'}
(array([0.65785482, 0.69277108, 0.68095238, 0.55107579, 0.83471074]), array([0.56620664, 0.13513514, 0.13522459, 0.84362018, 0.17657343]), array([0.60859978, 0.22615536, 0.22564103, 0.66666667, 0.29148629]), array([5362,  851, 2115, 6740,  572], dtype=int64))
acc = 0.589769820971867

{'C': 0.001, 'tol': 1e-05, 'loss': 'hinge'}
(array([0.65785482, 0.69277108, 0.68095238, 0.55107579, 0.83471074]), array([0.56620664, 0.13513514, 0.13522459, 0.84362018, 0.17657343]), array([0.60859978, 0.22615536, 0.22564103, 0.66666667, 0.29148629]), array([5362,  851, 2115, 6740,  572], dtype=int64))
acc = 0.589769820971867

{'C': 0.001, 'tol': 1e-06, 'loss': 'hinge'}
(array([0.65785482, 0.69277108, 0.68095238, 0.55107579, 0.83471074]), array([0.56620664, 0.13513514, 0.13522459, 0.84362018, 0.17657343]), array([0.60859978, 0.22615536, 0.22564103, 0.66666667, 0.29148629]), array([5362,  851, 2115, 6740,  572], dtype=int64))
acc = 0.589769820971867

{'C': 0.001, 'tol': 0.001, 'loss': 'squared_hinge'}
(array([0.71386168, 1.        , 0.91304348, 0.49889299, 0.        ]), array([0.44852667, 0.00822562, 0.02978723, 0.90267062, 0.        ]), array([0.55091055, 0.01631702, 0.05769231, 0.64261949, 0.        ]), array([5362,  851, 2115, 6740,  572], dtype=int64))
acc = 0.5472506393861892

{'C': 0.001, 'tol': 0.0001, 'loss': 'squared_hinge'}
(array([0.71369295, 1.        , 0.91304348, 0.49901559, 0.        ]), array([0.44908616, 0.00822562, 0.02978723, 0.90252226, 0.        ]), array([0.55128205, 0.01631702, 0.05769231, 0.64268357, 0.        ]), array([5362,  851, 2115, 6740,  572], dtype=int64))
acc = 0.5473785166240409

{'C': 0.001, 'tol': 1e-05, 'loss': 'squared_hinge'}
(array([0.71369295, 1.        , 0.91304348, 0.49901559, 0.        ]), array([0.44908616, 0.00822562, 0.02978723, 0.90252226, 0.        ]), array([0.55128205, 0.01631702, 0.05769231, 0.64268357, 0.        ]), array([5362,  851, 2115, 6740,  572], dtype=int64))
acc = 0.5473785166240409

{'C': 0.001, 'tol': 1e-06, 'loss': 'squared_hinge'}
(array([0.71369295, 1.        , 0.91304348, 0.49901559, 0.        ]), array([0.44908616, 0.00822562, 0.02978723, 0.90252226, 0.        ]), array([0.55128205, 0.01631702, 0.05769231, 0.64268357, 0.        ]), array([5362,  851, 2115, 6740,  572], dtype=int64))
acc = 0.5473785166240409

{'C': 0.01, 'tol': 0.001, 'loss': 'hinge'}
(array([0.64749902, 0.68627451, 0.68311195, 0.5696124 , 0.83974359]), array([0.61320403, 0.16451234, 0.17021277, 0.81765579, 0.22902098]), array([0.62988506, 0.26540284, 0.27252082, 0.67145903, 0.35989011]), array([5362,  851, 2115, 6740,  572], dtype=int64))
acc = 0.6029411764705882

{'C': 0.01, 'tol': 0.0001, 'loss': 'hinge'}
(array([0.64762655, 0.68627451, 0.68371212, 0.5696124 , 0.83974359]), array([0.61320403, 0.16451234, 0.17068558, 0.81765579, 0.22902098]), array([0.6299454 , 0.26540284, 0.27317442, 0.67145903, 0.35989011]), array([5362,  851, 2115, 6740,  572], dtype=int64))
acc = 0.603005115089514

{'C': 0.01, 'tol': 1e-05, 'loss': 'hinge'}
(array([0.64762655, 0.68627451, 0.68371212, 0.5696124 , 0.83974359]), array([0.61320403, 0.16451234, 0.17068558, 0.81765579, 0.22902098]), array([0.6299454 , 0.26540284, 0.27317442, 0.67145903, 0.35989011]), array([5362,  851, 2115, 6740,  572], dtype=int64))
acc = 0.603005115089514

{'C': 0.01, 'tol': 1e-06, 'loss': 'hinge'}
(array([0.64762655, 0.68627451, 0.68371212, 0.5696124 , 0.83974359]), array([0.61320403, 0.16451234, 0.17068558, 0.81765579, 0.22902098]), array([0.6299454 , 0.26540284, 0.27317442, 0.67145903, 0.35989011]), array([5362,  851, 2115, 6740,  572], dtype=int64))
acc = 0.603005115089514

{'C': 0.01, 'tol': 0.001, 'loss': 'squared_hinge'}
(array([0.66237642, 0.72886297, 0.75791624, 0.61134478, 0.83125   ]), array([0.66225289, 0.29377203, 0.35082742, 0.79792285, 0.23251748]), array([0.66231465, 0.41876047, 0.47963801, 0.69228294, 0.36338798]), array([5362,  851, 2115, 6740,  572], dtype=int64))
acc = 0.6428388746803069

{'C': 0.01, 'tol': 0.0001, 'loss': 'squared_hinge'}
(array([0.66237642, 0.72886297, 0.75791624, 0.61134478, 0.83125   ]), array([0.66225289, 0.29377203, 0.35082742, 0.79792285, 0.23251748]), array([0.66231465, 0.41876047, 0.47963801, 0.69228294, 0.36338798]), array([5362,  851, 2115, 6740,  572], dtype=int64))
acc = 0.6428388746803069

{'C': 0.01, 'tol': 1e-05, 'loss': 'squared_hinge'}
(array([0.66225289, 0.72886297, 0.75791624, 0.61130059, 0.83125   ]), array([0.66225289, 0.29377203, 0.35082742, 0.79777448, 0.23251748]), array([0.66225289, 0.41876047, 0.47963801, 0.69219876, 0.36338798]), array([5362,  851, 2115, 6740,  572], dtype=int64))
acc = 0.642774936061381

{'C': 0.01, 'tol': 1e-06, 'loss': 'squared_hinge'}
(array([0.66225289, 0.72886297, 0.75791624, 0.61130059, 0.83125   ]), array([0.66225289, 0.29377203, 0.35082742, 0.79777448, 0.23251748]), array([0.66225289, 0.41876047, 0.47963801, 0.69219876, 0.36338798]), array([5362,  851, 2115, 6740,  572], dtype=int64))
acc = 0.642774936061381

{'C': 0.1, 'tol': 0.001, 'loss': 'hinge'}
(array([0.65479309, 0.68596882, 0.68229167, 0.65380685, 0.75684932]), array([0.69936591, 0.36192714, 0.43356974, 0.75934718, 0.38636364]), array([0.67634593, 0.47384615, 0.53021104, 0.70263591, 0.51157407]), array([5362,  851, 2115, 6740,  572], dtype=int64))
acc = 0.659462915601023

{'C': 0.1, 'tol': 0.0001, 'loss': 'hinge'}
(array([0.65479309, 0.68596882, 0.68229167, 0.65405751, 0.75932203]), array([0.69936591, 0.36192714, 0.43356974, 0.75934718, 0.39160839]), array([0.67634593, 0.47384615, 0.53021104, 0.70278064, 0.51672434]), array([5362,  851, 2115, 6740,  572], dtype=int64))
acc = 0.6596547314578005

{'C': 0.1, 'tol': 1e-05, 'loss': 'hinge'}
(array([0.65479309, 0.68596882, 0.68229167, 0.65380685, 0.75684932]), array([0.69936591, 0.36192714, 0.43356974, 0.75934718, 0.38636364]), array([0.67634593, 0.47384615, 0.53021104, 0.70263591, 0.51157407]), array([5362,  851, 2115, 6740,  572], dtype=int64))
acc = 0.659462915601023

{'C': 0.1, 'tol': 1e-06, 'loss': 'hinge'}
(array([0.65479309, 0.68596882, 0.68077209, 0.65405751, 0.75684932]), array([0.69936591, 0.36192714, 0.43356974, 0.75934718, 0.38636364]), array([0.67634593, 0.47384615, 0.52975159, 0.70278064, 0.51157407]), array([5362,  851, 2115, 6740,  572], dtype=int64))
acc = 0.659462915601023

{'C': 0.1, 'tol': 0.001, 'loss': 'squared_hinge'}
(array([0.65484264, 0.70212766, 0.68263473, 0.66851705, 0.75577558]), array([0.70234987, 0.42655699, 0.48510638, 0.7504451 , 0.40034965]), array([0.67776478, 0.53070175, 0.56716418, 0.7071159 , 0.52342857]), array([5362,  851, 2115, 6740,  572], dtype=int64))
acc = 0.6676470588235294

{'C': 0.1, 'tol': 0.0001, 'loss': 'squared_hinge'}
(array([0.65484264, 0.70212766, 0.68263473, 0.66851705, 0.75577558]), array([0.70234987, 0.42655699, 0.48510638, 0.7504451 , 0.40034965]), array([0.67776478, 0.53070175, 0.56716418, 0.7071159 , 0.52342857]), array([5362,  851, 2115, 6740,  572], dtype=int64))
acc = 0.6676470588235294

{'C': 0.1, 'tol': 1e-05, 'loss': 'squared_hinge'}
(array([0.65484264, 0.70212766, 0.68263473, 0.66851705, 0.75577558]), array([0.70234987, 0.42655699, 0.48510638, 0.7504451 , 0.40034965]), array([0.67776478, 0.53070175, 0.56716418, 0.7071159 , 0.52342857]), array([5362,  851, 2115, 6740,  572], dtype=int64))
acc = 0.6676470588235294

{'C': 0.1, 'tol': 1e-06, 'loss': 'squared_hinge'}
(array([0.65484264, 0.70212766, 0.68263473, 0.66851705, 0.75577558]), array([0.70234987, 0.42655699, 0.48510638, 0.7504451 , 0.40034965]), array([0.67776478, 0.53070175, 0.56716418, 0.7071159 , 0.52342857]), array([5362,  851, 2115, 6740,  572], dtype=int64))
acc = 0.6676470588235294

{'C': 1.0, 'tol': 0.001, 'loss': 'hinge'}
(array([0.65249216, 0.66153846, 0.64268868, 0.68820383, 0.70599613]), array([0.69824692, 0.45475911, 0.51536643, 0.72537092, 0.63811189]), array([0.67459459, 0.53899721, 0.57202834, 0.70629876, 0.67033976]), array([5362,  851, 2115, 6740,  572], dtype=int64))
acc = 0.6697570332480819

{'C': 1.0, 'tol': 0.0001, 'loss': 'hinge'}
(array([0.65249216, 0.6609589 , 0.64268868, 0.68810697, 0.70599613]), array([0.69824692, 0.45358402, 0.51536643, 0.72537092, 0.63811189]), array([0.67459459, 0.53797909, 0.57202834, 0.70624774, 0.67033976]), array([5362,  851, 2115, 6740,  572], dtype=int64))
acc = 0.669693094629156

{'C': 1.0, 'tol': 1e-05, 'loss': 'hinge'}
(array([0.65249216, 0.6609589 , 0.64268868, 0.68810697, 0.70599613]), array([0.69824692, 0.45358402, 0.51536643, 0.72537092, 0.63811189]), array([0.67459459, 0.53797909, 0.57202834, 0.70624774, 0.67033976]), array([5362,  851, 2115, 6740,  572], dtype=int64))
acc = 0.669693094629156

{'C': 1.0, 'tol': 1e-06, 'loss': 'hinge'}
(array([0.65249216, 0.6609589 , 0.64268868, 0.68810697, 0.70599613]), array([0.69824692, 0.45358402, 0.51536643, 0.72537092, 0.63811189]), array([0.67459459, 0.53797909, 0.57202834, 0.70624774, 0.67033976]), array([5362,  851, 2115, 6740,  572], dtype=int64))
acc = 0.669693094629156

{'C': 1.0, 'tol': 0.001, 'loss': 'squared_hinge'}
(array([0.64876761, 0.62664474, 0.61716937, 0.68027019, 0.70689655]), array([0.68724357, 0.44770858, 0.50307329, 0.71721068, 0.6451049 ]), array([0.66745155, 0.52227553, 0.55431102, 0.6982522 , 0.67458867]), array([5362,  851, 2115, 6740,  572], dtype=int64))
acc = 0.6606777493606139

{'C': 1.0, 'tol': 0.0001, 'loss': 'squared_hinge'}
(array([0.64876761, 0.62664474, 0.61716937, 0.68027019, 0.70689655]), array([0.68724357, 0.44770858, 0.50307329, 0.71721068, 0.6451049 ]), array([0.66745155, 0.52227553, 0.55431102, 0.6982522 , 0.67458867]), array([5362,  851, 2115, 6740,  572], dtype=int64))
acc = 0.6606777493606139

{'C': 1.0, 'tol': 1e-05, 'loss': 'squared_hinge'}
(array([0.64876761, 0.62664474, 0.61716937, 0.68027019, 0.70689655]), array([0.68724357, 0.44770858, 0.50307329, 0.71721068, 0.6451049 ]), array([0.66745155, 0.52227553, 0.55431102, 0.6982522 , 0.67458867]), array([5362,  851, 2115, 6740,  572], dtype=int64))
acc = 0.6606777493606139

{'C': 1.0, 'tol': 1e-06, 'loss': 'squared_hinge'}
(array([0.64876761, 0.62664474, 0.61716937, 0.68027019, 0.70689655]), array([0.68724357, 0.44770858, 0.50307329, 0.71721068, 0.6451049 ]), array([0.66745155, 0.52227553, 0.55431102, 0.6982522 , 0.67458867]), array([5362,  851, 2115, 6740,  572], dtype=int64))
acc = 0.6606777493606139

{'C': 10.0, 'tol': 0.001, 'loss': 'hinge'}
(array([0.64845141, 0.55195682, 0.5866377 , 0.69065173, 0.5881459 ]), array([0.67941067, 0.48061105, 0.5106383 , 0.69495549, 0.67657343]), array([0.66357013, 0.5138191 , 0.54600607, 0.69279692, 0.62926829]), array([5362,  851, 2115, 6740,  572], dtype=int64))
acc = 0.6523657289002558

{'C': 10.0, 'tol': 0.0001, 'loss': 'hinge'}
(array([0.64845141, 0.55195682, 0.5866377 , 0.69065173, 0.5881459 ]), array([0.67941067, 0.48061105, 0.5106383 , 0.69495549, 0.67657343]), array([0.66357013, 0.5138191 , 0.54600607, 0.69279692, 0.62926829]), array([5362,  851, 2115, 6740,  572], dtype=int64))
acc = 0.6523657289002558

{'C': 10.0, 'tol': 1e-05, 'loss': 'hinge'}
(array([0.64845141, 0.55195682, 0.5866377 , 0.69065173, 0.5881459 ]), array([0.67941067, 0.48061105, 0.5106383 , 0.69495549, 0.67657343]), array([0.66357013, 0.5138191 , 0.54600607, 0.69279692, 0.62926829]), array([5362,  851, 2115, 6740,  572], dtype=int64))
acc = 0.6523657289002558

{'C': 10.0, 'tol': 1e-06, 'loss': 'hinge'}
(array([0.64845141, 0.55195682, 0.5866377 , 0.69065173, 0.5881459 ]), array([0.67941067, 0.48061105, 0.5106383 , 0.69495549, 0.67657343]), array([0.66357013, 0.5138191 , 0.54600607, 0.69279692, 0.62926829]), array([5362,  851, 2115, 6740,  572], dtype=int64))
acc = 0.6523657289002558

{'C': 10.0, 'tol': 0.001, 'loss': 'squared_hinge'}
(array([0.64194237, 0.54810496, 0.58147139, 0.67805233, 0.60940032]), array([0.67306975, 0.44183314, 0.50449173, 0.6921365 , 0.65734266]), array([0.65713765, 0.4892648 , 0.54025316, 0.68502203, 0.63246426]), array([5362,  851, 2115, 6740,  572], dtype=int64))
acc = 0.6453324808184143

{'C': 10.0, 'tol': 0.0001, 'loss': 'squared_hinge'}
(array([0.64182821, 0.54810496, 0.58178844, 0.67805233, 0.60940032]), array([0.67306975, 0.44183314, 0.50449173, 0.6921365 , 0.65734266]), array([0.65707783, 0.4892648 , 0.54038997, 0.68502203, 0.63246426]), array([5362,  851, 2115, 6740,  572], dtype=int64))
acc = 0.6453324808184143

{'C': 10.0, 'tol': 1e-05, 'loss': 'squared_hinge'}
(array([0.64182821, 0.54810496, 0.58178844, 0.67805233, 0.60940032]), array([0.67306975, 0.44183314, 0.50449173, 0.6921365 , 0.65734266]), array([0.65707783, 0.4892648 , 0.54038997, 0.68502203, 0.63246426]), array([5362,  851, 2115, 6740,  572], dtype=int64))
acc = 0.6453324808184143

{'C': 10.0, 'tol': 1e-06, 'loss': 'squared_hinge'}
(array([0.64182821, 0.54810496, 0.58178844, 0.67805233, 0.60940032]), array([0.67306975, 0.44183314, 0.50449173, 0.6921365 , 0.65734266]), array([0.65707783, 0.4892648 , 0.54038997, 0.68502203, 0.63246426]), array([5362,  851, 2115, 6740,  572], dtype=int64))
acc = 0.6453324808184143

{'C': 100.0, 'tol': 0.001, 'loss': 'hinge'}
(array([0.64014273, 0.48220859, 0.56278831, 0.69079249, 0.53055556]), array([0.6691533 , 0.46180964, 0.51914894, 0.67121662, 0.66783217]), array([0.65432662, 0.47178872, 0.54008854, 0.68086387, 0.59133127]), array([5362,  851, 2115, 6740,  572], dtype=int64))
acc = 0.6384271099744245

{'C': 100.0, 'tol': 0.0001, 'loss': 'hinge'}
(array([0.64014273, 0.48220859, 0.56278831, 0.69079249, 0.53055556]), array([0.6691533 , 0.46180964, 0.51914894, 0.67121662, 0.66783217]), array([0.65432662, 0.47178872, 0.54008854, 0.68086387, 0.59133127]), array([5362,  851, 2115, 6740,  572], dtype=int64))
acc = 0.6384271099744245

{'C': 100.0, 'tol': 1e-05, 'loss': 'hinge'}
(array([0.64014273, 0.48220859, 0.56278831, 0.69079249, 0.53055556]), array([0.6691533 , 0.46180964, 0.51914894, 0.67121662, 0.66783217]), array([0.65432662, 0.47178872, 0.54008854, 0.68086387, 0.59133127]), array([5362,  851, 2115, 6740,  572], dtype=int64))
acc = 0.6384271099744245

{'C': 100.0, 'tol': 1e-06, 'loss': 'hinge'}
(array([0.64014273, 0.48220859, 0.56278831, 0.69079249, 0.53055556]), array([0.6691533 , 0.46180964, 0.51914894, 0.67121662, 0.66783217]), array([0.65432662, 0.47178872, 0.54008854, 0.68086387, 0.59133127]), array([5362,  851, 2115, 6740,  572], dtype=int64))
acc = 0.6384271099744245

{'C': 100.0, 'tol': 0.001, 'loss': 'squared_hinge'}
(array([0.65152091, 0.49066667, 0.55251142, 0.67189298, 0.5261669 ]), array([0.63912719, 0.43243243, 0.51489362, 0.69302671, 0.65034965]), array([0.64526455, 0.45971268, 0.53303965, 0.68229623, 0.58170446]), array([5362,  851, 2115, 6740,  572], dtype=int64))
acc = 0.6347186700767263

{'C': 100.0, 'tol': 0.0001, 'loss': 'squared_hinge'}
(array([0.65152091, 0.49066667, 0.55251142, 0.67189298, 0.5261669 ]), array([0.63912719, 0.43243243, 0.51489362, 0.69302671, 0.65034965]), array([0.64526455, 0.45971268, 0.53303965, 0.68229623, 0.58170446]), array([5362,  851, 2115, 6740,  572], dtype=int64))
acc = 0.6347186700767263

{'C': 100.0, 'tol': 1e-05, 'loss': 'squared_hinge'}
(array([0.65152091, 0.49066667, 0.55251142, 0.67189298, 0.5261669 ]), array([0.63912719, 0.43243243, 0.51489362, 0.69302671, 0.65034965]), array([0.64526455, 0.45971268, 0.53303965, 0.68229623, 0.58170446]), array([5362,  851, 2115, 6740,  572], dtype=int64))
acc = 0.6347186700767263

{'C': 100.0, 'tol': 1e-06, 'loss': 'squared_hinge'}
(array([0.65152091, 0.49066667, 0.55251142, 0.67189298, 0.5261669 ]), array([0.63912719, 0.43243243, 0.51489362, 0.69302671, 0.65034965]), array([0.64526455, 0.45971268, 0.53303965, 0.68229623, 0.58170446]), array([5362,  851, 2115, 6740,  572], dtype=int64))
acc = 0.6347186700767263

{'C': 1000.0, 'tol': 0.001, 'loss': 'hinge'}
(array([0.68416667, 0.4047619 , 0.64128257, 0.57434925, 0.53321976]), array([0.45934353, 0.45945946, 0.30260047, 0.80860534, 0.5472028 ]), array([0.5496541 , 0.43037975, 0.41117893, 0.67163719, 0.54012079]), array([5362,  851, 2115, 6740,  572], dtype=int64))
acc = 0.5918797953964194

{'C': 1000.0, 'tol': 0.0001, 'loss': 'hinge'}
(array([0.68416667, 0.4047619 , 0.64128257, 0.57434925, 0.53321976]), array([0.45934353, 0.45945946, 0.30260047, 0.80860534, 0.5472028 ]), array([0.5496541 , 0.43037975, 0.41117893, 0.67163719, 0.54012079]), array([5362,  851, 2115, 6740,  572], dtype=int64))
acc = 0.5918797953964194

{'C': 1000.0, 'tol': 1e-05, 'loss': 'hinge'}
(array([0.68416667, 0.4047619 , 0.64128257, 0.57434925, 0.53321976]), array([0.45934353, 0.45945946, 0.30260047, 0.80860534, 0.5472028 ]), array([0.5496541 , 0.43037975, 0.41117893, 0.67163719, 0.54012079]), array([5362,  851, 2115, 6740,  572], dtype=int64))
acc = 0.5918797953964194

{'C': 1000.0, 'tol': 1e-06, 'loss': 'hinge'}
(array([0.68416667, 0.4047619 , 0.64128257, 0.57434925, 0.53321976]), array([0.45934353, 0.45945946, 0.30260047, 0.80860534, 0.5472028 ]), array([0.5496541 , 0.43037975, 0.41117893, 0.67163719, 0.54012079]), array([5362,  851, 2115, 6740,  572], dtype=int64))
acc = 0.5918797953964194

{'C': 1000.0, 'tol': 0.001, 'loss': 'squared_hinge'}
(array([0.64216991, 0.41507538, 0.61654804, 0.62817701, 0.44745763]), array([0.58504289, 0.4853114 , 0.32765957, 0.72240356, 0.69230769]), array([0.61227676, 0.44745395, 0.42790985, 0.67200331, 0.5435827 ]), array([5362,  851, 2115, 6740,  572], dtype=int64))
acc = 0.6079283887468031

{'C': 1000.0, 'tol': 0.0001, 'loss': 'squared_hinge'}
(array([0.64216991, 0.41507538, 0.61654804, 0.62817701, 0.44745763]), array([0.58504289, 0.4853114 , 0.32765957, 0.72240356, 0.69230769]), array([0.61227676, 0.44745395, 0.42790985, 0.67200331, 0.5435827 ]), array([5362,  851, 2115, 6740,  572], dtype=int64))
acc = 0.6079283887468031

{'C': 1000.0, 'tol': 1e-05, 'loss': 'squared_hinge'}
(array([0.64216991, 0.41507538, 0.61654804, 0.62817701, 0.44745763]), array([0.58504289, 0.4853114 , 0.32765957, 0.72240356, 0.69230769]), array([0.61227676, 0.44745395, 0.42790985, 0.67200331, 0.5435827 ]), array([5362,  851, 2115, 6740,  572], dtype=int64))
acc = 0.6079283887468031

{'C': 1000.0, 'tol': 1e-06, 'loss': 'squared_hinge'}
(array([0.64216991, 0.41507538, 0.61654804, 0.62817701, 0.44745763]), array([0.58504289, 0.4853114 , 0.32765957, 0.72240356, 0.69230769]), array([0.61227676, 0.44745395, 0.42790985, 0.67200331, 0.5435827 ]), array([5362,  851, 2115, 6740,  572], dtype=int64))
acc = 0.6079283887468031

{'C': 10000.0, 'tol': 0.001, 'loss': 'hinge'}
(array([0.52681704, 0.43706777, 0.59907479, 0.71350476, 0.49643367]), array([0.78403581, 0.37132785, 0.36737589, 0.52284866, 0.60839161]), array([0.63019038, 0.40152478, 0.45545135, 0.60347633, 0.54673998]), array([5362,  851, 2115, 6740,  572], dtype=int64))
acc = 0.5862531969309462

{'C': 10000.0, 'tol': 0.0001, 'loss': 'hinge'}
(array([0.52681704, 0.43706777, 0.59907479, 0.71350476, 0.49643367]), array([0.78403581, 0.37132785, 0.36737589, 0.52284866, 0.60839161]), array([0.63019038, 0.40152478, 0.45545135, 0.60347633, 0.54673998]), array([5362,  851, 2115, 6740,  572], dtype=int64))
acc = 0.5862531969309462

{'C': 10000.0, 'tol': 1e-05, 'loss': 'hinge'}
(array([0.52681704, 0.43706777, 0.59907479, 0.71350476, 0.49643367]), array([0.78403581, 0.37132785, 0.36737589, 0.52284866, 0.60839161]), array([0.63019038, 0.40152478, 0.45545135, 0.60347633, 0.54673998]), array([5362,  851, 2115, 6740,  572], dtype=int64))
acc = 0.5862531969309462

{'C': 10000.0, 'tol': 1e-06, 'loss': 'hinge'}
(array([0.52681704, 0.43706777, 0.59907479, 0.71350476, 0.49643367]), array([0.78403581, 0.37132785, 0.36737589, 0.52284866, 0.60839161]), array([0.63019038, 0.40152478, 0.45545135, 0.60347633, 0.54673998]), array([5362,  851, 2115, 6740,  572], dtype=int64))
acc = 0.5862531969309462

{'C': 10000.0, 'tol': 0.001, 'loss': 'squared_hinge'}
(array([0.495818  , 0.39624724, 0.67432432, 0.73510253, 0.4399093 ]), array([0.82916822, 0.42185664, 0.23593381, 0.45207715, 0.67832168]), array([0.6205597 , 0.40865111, 0.34956217, 0.55985301, 0.53370014]), array([5362,  851, 2115, 6740,  572], dtype=int64))
acc = 0.5587595907928389

{'C': 10000.0, 'tol': 0.0001, 'loss': 'squared_hinge'}
(array([0.495818  , 0.39624724, 0.67432432, 0.73510253, 0.4399093 ]), array([0.82916822, 0.42185664, 0.23593381, 0.45207715, 0.67832168]), array([0.6205597 , 0.40865111, 0.34956217, 0.55985301, 0.53370014]), array([5362,  851, 2115, 6740,  572], dtype=int64))
acc = 0.5587595907928389

{'C': 10000.0, 'tol': 1e-05, 'loss': 'squared_hinge'}
(array([0.495818  , 0.39624724, 0.67432432, 0.73510253, 0.4399093 ]), array([0.82916822, 0.42185664, 0.23593381, 0.45207715, 0.67832168]), array([0.6205597 , 0.40865111, 0.34956217, 0.55985301, 0.53370014]), array([5362,  851, 2115, 6740,  572], dtype=int64))
acc = 0.5587595907928389

{'C': 10000.0, 'tol': 1e-06, 'loss': 'squared_hinge'}
(array([0.495818  , 0.39624724, 0.67432432, 0.73510253, 0.4399093 ]), array([0.82916822, 0.42185664, 0.23593381, 0.45207715, 0.67832168]), array([0.6205597 , 0.40865111, 0.34956217, 0.55985301, 0.53370014]), array([5362,  851, 2115, 6740,  572], dtype=int64))
acc = 0.5587595907928389

{'C': 0.0001, 'tol': 0.001, 'loss': 'hinge'}
(array([0.72092186, 0.63      , 0.70454545, 0.4917267 , 0.        ]), array([0.37336815, 0.07403055, 0.04397163, 0.92151335, 0.        ]), array([0.49195233, 0.13249211, 0.08277704, 0.64126787, 0.        ]), array([5362,  851, 2115, 6740,  572], dtype=int64))
acc = 0.5351023017902813

{'C': 0.0001, 'tol': 0.0001, 'loss': 'hinge'}
(array([0.72214182, 0.61764706, 0.7109375 , 0.49153883, 0.        ]), array([0.37224916, 0.07403055, 0.043026  , 0.92225519, 0.        ]), array([0.49126261, 0.13221406, 0.08114133, 0.64128753, 0.        ]), array([5362,  851, 2115, 6740,  572], dtype=int64))
acc = 0.5349104859335039

{'C': 0.0001, 'tol': 1e-05, 'loss': 'hinge'}
(array([0.72234273, 0.62376238, 0.7109375 , 0.4915777 , 0.        ]), array([0.37262216, 0.07403055, 0.043026  , 0.92225519, 0.        ]), array([0.49163386, 0.13235294, 0.08114133, 0.64132061, 0.        ]), array([5362,  851, 2115, 6740,  572], dtype=int64))
acc = 0.5350383631713554

{'C': 0.0001, 'tol': 1e-06, 'loss': 'hinge'}
(array([0.72234273, 0.62376238, 0.7109375 , 0.4915777 , 0.        ]), array([0.37262216, 0.07403055, 0.043026  , 0.92225519, 0.        ]), array([0.49163386, 0.13235294, 0.08114133, 0.64132061, 0.        ]), array([5362,  851, 2115, 6740,  572], dtype=int64))
acc = 0.5350383631713554

{'C': 0.0001, 'tol': 0.001, 'loss': 'squared_hinge'}
(array([1.        , 0.        , 0.        , 0.43111168, 0.        ]), array([0.00111899, 0.        , 0.        , 1.        , 0.        ]), array([0.00223547, 0.        , 0.        , 0.60248503, 0.        ]), array([5362,  851, 2115, 6740,  572], dtype=int64))
acc = 0.43132992327365727

{'C': 0.0001, 'tol': 0.0001, 'loss': 'squared_hinge'}
(array([1.        , 0.        , 0.        , 0.43111168, 0.        ]), array([0.00111899, 0.        , 0.        , 1.        , 0.        ]), array([0.00223547, 0.        , 0.        , 0.60248503, 0.        ]), array([5362,  851, 2115, 6740,  572], dtype=int64))
acc = 0.43132992327365727

{'C': 0.0001, 'tol': 1e-05, 'loss': 'squared_hinge'}
(array([1.        , 0.        , 0.        , 0.43111168, 0.        ]), array([0.00111899, 0.        , 0.        , 1.        , 0.        ]), array([0.00223547, 0.        , 0.        , 0.60248503, 0.        ]), array([5362,  851, 2115, 6740,  572], dtype=int64))
acc = 0.43132992327365727

{'C': 0.0001, 'tol': 1e-06, 'loss': 'squared_hinge'}
(array([1.        , 0.        , 0.        , 0.43111168, 0.        ]), array([0.00111899, 0.        , 0.        , 1.        , 0.        ]), array([0.00223547, 0.        , 0.        , 0.60248503, 0.        ]), array([5362,  851, 2115, 6740,  572], dtype=int64))
acc = 0.43132992327365727

{'C': 0.001, 'tol': 0.001, 'loss': 'hinge'}
(array([0.65771812, 0.69461078, 0.68181818, 0.55123606, 0.83471074]), array([0.56657963, 0.13631022, 0.13475177, 0.84362018, 0.17657343]), array([0.60875664, 0.22789784, 0.22502961, 0.66678393, 0.29148629]), array([5362,  851, 2115, 6740,  572], dtype=int64))
acc = 0.5898976982097187

{'C': 0.001, 'tol': 0.0001, 'loss': 'hinge'}
(array([0.65785482, 0.69277108, 0.68095238, 0.55107579, 0.83471074]), array([0.56620664, 0.13513514, 0.13522459, 0.84362018, 0.17657343]), array([0.60859978, 0.22615536, 0.22564103, 0.66666667, 0.29148629]), array([5362,  851, 2115, 6740,  572], dtype=int64))
acc = 0.589769820971867

{'C': 0.001, 'tol': 1e-05, 'loss': 'hinge'}
(array([0.65785482, 0.69277108, 0.68095238, 0.55107579, 0.83471074]), array([0.56620664, 0.13513514, 0.13522459, 0.84362018, 0.17657343]), array([0.60859978, 0.22615536, 0.22564103, 0.66666667, 0.29148629]), array([5362,  851, 2115, 6740,  572], dtype=int64))
acc = 0.589769820971867

{'C': 0.001, 'tol': 1e-06, 'loss': 'hinge'}
(array([0.65785482, 0.69277108, 0.68095238, 0.55107579, 0.83471074]), array([0.56620664, 0.13513514, 0.13522459, 0.84362018, 0.17657343]), array([0.60859978, 0.22615536, 0.22564103, 0.66666667, 0.29148629]), array([5362,  851, 2115, 6740,  572], dtype=int64))
acc = 0.589769820971867

{'C': 0.001, 'tol': 0.001, 'loss': 'squared_hinge'}
(array([0.71386168, 1.        , 0.91304348, 0.49889299, 0.        ]), array([0.44852667, 0.00822562, 0.02978723, 0.90267062, 0.        ]), array([0.55091055, 0.01631702, 0.05769231, 0.64261949, 0.        ]), array([5362,  851, 2115, 6740,  572], dtype=int64))
acc = 0.5472506393861892

{'C': 0.001, 'tol': 0.0001, 'loss': 'squared_hinge'}
(array([0.71369295, 1.        , 0.91304348, 0.49901559, 0.        ]), array([0.44908616, 0.00822562, 0.02978723, 0.90252226, 0.        ]), array([0.55128205, 0.01631702, 0.05769231, 0.64268357, 0.        ]), array([5362,  851, 2115, 6740,  572], dtype=int64))
acc = 0.5473785166240409

{'C': 0.001, 'tol': 1e-05, 'loss': 'squared_hinge'}
(array([0.71369295, 1.        , 0.91304348, 0.49901559, 0.        ]), array([0.44908616, 0.00822562, 0.02978723, 0.90252226, 0.        ]), array([0.55128205, 0.01631702, 0.05769231, 0.64268357, 0.        ]), array([5362,  851, 2115, 6740,  572], dtype=int64))
acc = 0.5473785166240409

{'C': 0.001, 'tol': 1e-06, 'loss': 'squared_hinge'}
(array([0.71369295, 1.        , 0.91304348, 0.49901559, 0.        ]), array([0.44908616, 0.00822562, 0.02978723, 0.90252226, 0.        ]), array([0.55128205, 0.01631702, 0.05769231, 0.64268357, 0.        ]), array([5362,  851, 2115, 6740,  572], dtype=int64))
acc = 0.5473785166240409

{'C': 0.01, 'tol': 0.001, 'loss': 'hinge'}
(array([0.64749902, 0.68627451, 0.68311195, 0.5696124 , 0.83974359]), array([0.61320403, 0.16451234, 0.17021277, 0.81765579, 0.22902098]), array([0.62988506, 0.26540284, 0.27252082, 0.67145903, 0.35989011]), array([5362,  851, 2115, 6740,  572], dtype=int64))
acc = 0.6029411764705882

